# JRE version: OpenJDK Runtime Environment (11.0.7+10) (build 11.0.7+10-post-Ubuntu-2ubuntu218.04)
# Java VM: OpenJDK 64-Bit Server VM (11.0.7+10-post-Ubuntu-2ubuntu218.04, mixed mode, sharing, tiered, compressed oops, serial gc, linux-amd64)
Heap:
 def new generation   total 179904K, used 0K [0x00000000c0000000, 0x00000000cc330000, 0x00000000d5550000)
  eden space 159936K,   0% used [0x00000000c0000000, 0x00000000c0000000, 0x00000000c9c30000)
  from space 19968K,   0% used [0x00000000c9c30000, 0x00000000c9c30000, 0x00000000cafb0000)
  to   space 19968K,   0% used [0x00000000cafb0000, 0x00000000cafb0000, 0x00000000cc330000)
 tenured generation   total 400164K, used 296885K [0x00000000d5550000, 0x00000000edc19000, 0x0000000100000000)
   the space 400164K,  74% used [0x00000000d5550000, 0x00000000e773d7b8, 0x00000000e773d800, 0x00000000edc19000)
 Metaspace       used 61617K, capacity 65040K, committed 65232K, reserved 1105920K
  class space    used 8134K, capacity 9680K, committed 9760K, reserved 1048576K
GC Heap History (20 events):
Event: 4110.578 GC heap after
{Heap after GC invocations=2378 (full 4):
 def new generation   total 179904K, used 5839K [0x00000000c0000000, 0x00000000cc330000, 0x00000000d5550000)
  eden space 159936K,   0% used [0x00000000c0000000, 0x00000000c0000000, 0x00000000c9c30000)
  from space 19968K,  29% used [0x00000000c9c30000, 0x00000000ca1e3d68, 0x00000000cafb0000)
  to   space 19968K,   0% used [0x00000000cafb0000, 0x00000000cafb0000, 0x00000000cc330000)
 tenured generation   total 399588K, used 396560K [0x00000000d5550000, 0x00000000edb89000, 0x0000000100000000)
   the space 399588K,  99% used [0x00000000d5550000, 0x00000000ed8941a8, 0x00000000ed894200, 0x00000000edb89000)
 Metaspace       used 61613K, capacity 65040K, committed 65232K, reserved 1105920K
  class space    used 8134K, capacity 9680K, committed 9760K, reserved 1048576K
}
Event: 4111.806 GC heap before
{Heap before GC invocations=2378 (full 4):
 def new generation   total 179904K, used 165775K [0x00000000c0000000, 0x00000000cc330000, 0x00000000d5550000)
  eden space 159936K, 100% used [0x00000000c0000000, 0x00000000c9c30000, 0x00000000c9c30000)
  from space 19968K,  29% used [0x00000000c9c30000, 0x00000000ca1e3d68, 0x00000000cafb0000)
  to   space 19968K,   0% used [0x00000000cafb0000, 0x00000000cafb0000, 0x00000000cc330000)
 tenured generation   total 399588K, used 396560K [0x00000000d5550000, 0x00000000edb89000, 0x0000000100000000)
   the space 399588K,  99% used [0x00000000d5550000, 0x00000000ed8941a8, 0x00000000ed894200, 0x00000000edb89000)
 Metaspace       used 61613K, capacity 65040K, committed 65232K, reserved 1105920K
  class space    used 8134K, capacity 9680K, committed 9760K, reserved 1048576K
}
Event: 4111.814 GC heap after
{Heap after GC invocations=2379 (full 4):
 def new generation   total 179904K, used 5736K [0x00000000c0000000, 0x00000000cc330000, 0x00000000d5550000)
  eden space 159936K,   0% used [0x00000000c0000000, 0x00000000c0000000, 0x00000000c9c30000)
  from space 19968K,  28% used [0x00000000cafb0000, 0x00000000cb54a070, 0x00000000cc330000)
  to   space 19968K,   0% used [0x00000000c9c30000, 0x00000000c9c30000, 0x00000000cafb0000)
 tenured generation   total 399588K, used 396652K [0x00000000d5550000, 0x00000000edb89000, 0x0000000100000000)
   the space 399588K,  99% used [0x00000000d5550000, 0x00000000ed8ab2f8, 0x00000000ed8ab400, 0x00000000edb89000)
 Metaspace       used 61613K, capacity 65040K, committed 65232K, reserved 1105920K
  class space    used 8134K, capacity 9680K, committed 9760K, reserved 1048576K
}
Event: 4113.023 GC heap before
{Heap before GC invocations=2379 (full 4):
 def new generation   total 179904K, used 165672K [0x00000000c0000000, 0x00000000cc330000, 0x00000000d5550000)
  eden space 159936K, 100% used [0x00000000c0000000, 0x00000000c9c30000, 0x00000000c9c30000)
  from space 19968K,  28% used [0x00000000cafb0000, 0x00000000cb54a070, 0x00000000cc330000)
  to   space 19968K,   0% used [0x00000000c9c30000, 0x00000000c9c30000, 0x00000000cafb0000)
 tenured generation   total 399588K, used 396652K [0x00000000d5550000, 0x00000000edb89000, 0x0000000100000000)
   the space 399588K,  99% used [0x00000000d5550000, 0x00000000ed8ab2f8, 0x00000000ed8ab400, 0x00000000edb89000)
 Metaspace       used 61613K, capacity 65040K, committed 65232K, reserved 1105920K
  class space    used 8134K, capacity 9680K, committed 9760K, reserved 1048576K
}
Event: 4113.032 GC heap after
{Heap after GC invocations=2380 (full 4):
 def new generation   total 179904K, used 6268K [0x00000000c0000000, 0x00000000cc330000, 0x00000000d5550000)
  eden space 159936K,   0% used [0x00000000c0000000, 0x00000000c0000000, 0x00000000c9c30000)
  from space 19968K,  31% used [0x00000000c9c30000, 0x00000000ca24f0f0, 0x00000000cafb0000)
  to   space 19968K,   0% used [0x00000000cafb0000, 0x00000000cafb0000, 0x00000000cc330000)
 tenured generation   total 399588K, used 396657K [0x00000000d5550000, 0x00000000edb89000, 0x0000000100000000)
   the space 399588K,  99% used [0x00000000d5550000, 0x00000000ed8ac6e0, 0x00000000ed8ac800, 0x00000000edb89000)
 Metaspace       used 61613K, capacity 65040K, committed 65232K, reserved 1105920K
  class space    used 8134K, capacity 9680K, committed 9760K, reserved 1048576K
}
Event: 4114.322 GC heap before
{Heap before GC invocations=2380 (full 4):
 def new generation   total 179904K, used 166204K [0x00000000c0000000, 0x00000000cc330000, 0x00000000d5550000)
  eden space 159936K, 100% used [0x00000000c0000000, 0x00000000c9c30000, 0x00000000c9c30000)
  from space 19968K,  31% used [0x00000000c9c30000, 0x00000000ca24f0f0, 0x00000000cafb0000)
  to   space 19968K,   0% used [0x00000000cafb0000, 0x00000000cafb0000, 0x00000000cc330000)
 tenured generation   total 399588K, used 396657K [0x00000000d5550000, 0x00000000edb89000, 0x0000000100000000)
   the space 399588K,  99% used [0x00000000d5550000, 0x00000000ed8ac6e0, 0x00000000ed8ac800, 0x00000000edb89000)
 Metaspace       used 61614K, capacity 65040K, committed 65232K, reserved 1105920K
  class space    used 8134K, capacity 9680K, committed 9760K, reserved 1048576K
}
Event: 4114.331 GC heap after
{Heap after GC invocations=2381 (full 4):
 def new generation   total 179904K, used 6200K [0x00000000c0000000, 0x00000000cc330000, 0x00000000d5550000)
  eden space 159936K,   0% used [0x00000000c0000000, 0x00000000c0000000, 0x00000000c9c30000)
  from space 19968K,  31% used [0x00000000cafb0000, 0x00000000cb5be2f0, 0x00000000cc330000)
  to   space 19968K,   0% used [0x00000000c9c30000, 0x00000000c9c30000, 0x00000000cafb0000)
 tenured generation   total 399588K, used 396742K [0x00000000d5550000, 0x00000000edb89000, 0x0000000100000000)
   the space 399588K,  99% used [0x00000000d5550000, 0x00000000ed8c19a8, 0x00000000ed8c1a00, 0x00000000edb89000)
 Metaspace       used 61614K, capacity 65040K, committed 65232K, reserved 1105920K
  class space    used 8134K, capacity 9680K, committed 9760K, reserved 1048576K
}
Event: 4115.525 GC heap before
{Heap before GC invocations=2381 (full 4):
 def new generation   total 179904K, used 166136K [0x00000000c0000000, 0x00000000cc330000, 0x00000000d5550000)
  eden space 159936K, 100% used [0x00000000c0000000, 0x00000000c9c30000, 0x00000000c9c30000)
  from space 19968K,  31% used [0x00000000cafb0000, 0x00000000cb5be2f0, 0x00000000cc330000)
  to   space 19968K,   0% used [0x00000000c9c30000, 0x00000000c9c30000, 0x00000000cafb0000)
 tenured generation   total 399588K, used 396742K [0x00000000d5550000, 0x00000000edb89000, 0x0000000100000000)
   the space 399588K,  99% used [0x00000000d5550000, 0x00000000ed8c19a8, 0x00000000ed8c1a00, 0x00000000edb89000)
 Metaspace       used 61616K, capacity 65040K, committed 65232K, reserved 1105920K
  class space    used 8134K, capacity 9680K, committed 9760K, reserved 1048576K
}
Event: 4115.535 GC heap after
{Heap after GC invocations=2382 (full 4):
 def new generation   total 179904K, used 6753K [0x00000000c0000000, 0x00000000cc330000, 0x00000000d5550000)
  eden space 159936K,   0% used [0x00000000c0000000, 0x00000000c0000000, 0x00000000c9c30000)
  from space 19968K,  33% used [0x00000000c9c30000, 0x00000000ca2c85d0, 0x00000000cafb0000)
  to   space 19968K,   0% used [0x00000000cafb0000, 0x00000000cafb0000, 0x00000000cc330000)
 tenured generation   total 399588K, used 396814K [0x00000000d5550000, 0x00000000edb89000, 0x0000000100000000)
   the space 399588K,  99% used [0x00000000d5550000, 0x00000000ed8d3870, 0x00000000ed8d3a00, 0x00000000edb89000)
 Metaspace       used 61616K, capacity 65040K, committed 65232K, reserved 1105920K
  class space    used 8134K, capacity 9680K, committed 9760K, reserved 1048576K
}
Event: 4116.713 GC heap before
{Heap before GC invocations=2382 (full 4):
 def new generation   total 179904K, used 166689K [0x00000000c0000000, 0x00000000cc330000, 0x00000000d5550000)
  eden space 159936K, 100% used [0x00000000c0000000, 0x00000000c9c30000, 0x00000000c9c30000)
  from space 19968K,  33% used [0x00000000c9c30000, 0x00000000ca2c85d0, 0x00000000cafb0000)
  to   space 19968K,   0% used [0x00000000cafb0000, 0x00000000cafb0000, 0x00000000cc330000)
 tenured generation   total 399588K, used 396814K [0x00000000d5550000, 0x00000000edb89000, 0x0000000100000000)
   the space 399588K,  99% used [0x00000000d5550000, 0x00000000ed8d3870, 0x00000000ed8d3a00, 0x00000000edb89000)
 Metaspace       used 61616K, capacity 65040K, committed 65232K, reserved 1105920K
  class space    used 8134K, capacity 9680K, committed 9760K, reserved 1048576K
}
Event: 4116.723 GC heap after
{Heap after GC invocations=2383 (full 4):
 def new generation   total 179904K, used 6778K [0x00000000c0000000, 0x00000000cc330000, 0x00000000d5550000)
  eden space 159936K,   0% used [0x00000000c0000000, 0x00000000c0000000, 0x00000000c9c30000)
  from space 19968K,  33% used [0x00000000cafb0000, 0x00000000cb64ea48, 0x00000000cc330000)
  to   space 19968K,   0% used [0x00000000c9c30000, 0x00000000c9c30000, 0x00000000cafb0000)
 tenured generation   total 399588K, used 397024K [0x00000000d5550000, 0x00000000edb89000, 0x0000000100000000)
   the space 399588K,  99% used [0x00000000d5550000, 0x00000000ed9080b0, 0x00000000ed908200, 0x00000000edb89000)
 Metaspace       used 61616K, capacity 65040K, committed 65232K, reserved 1105920K
  class space    used 8134K, capacity 9680K, committed 9760K, reserved 1048576K
}
Event: 4117.926 GC heap before
{Heap before GC invocations=2383 (full 4):
 def new generation   total 179904K, used 166714K [0x00000000c0000000, 0x00000000cc330000, 0x00000000d5550000)
  eden space 159936K, 100% used [0x00000000c0000000, 0x00000000c9c30000, 0x00000000c9c30000)
  from space 19968K,  33% used [0x00000000cafb0000, 0x00000000cb64ea48, 0x00000000cc330000)
  to   space 19968K,   0% used [0x00000000c9c30000, 0x00000000c9c30000, 0x00000000cafb0000)
 tenured generation   total 399588K, used 397024K [0x00000000d5550000, 0x00000000edb89000, 0x0000000100000000)
   the space 399588K,  99% used [0x00000000d5550000, 0x00000000ed9080b0, 0x00000000ed908200, 0x00000000edb89000)
 Metaspace       used 61616K, capacity 65040K, committed 65232K, reserved 1105920K
  class space    used 8134K, capacity 9680K, committed 9760K, reserved 1048576K
}
Event: 4117.936 GC heap after
{Heap after GC invocations=2384 (full 4):
 def new generation   total 179904K, used 6649K [0x00000000c0000000, 0x00000000cc330000, 0x00000000d5550000)
  eden space 159936K,   0% used [0x00000000c0000000, 0x00000000c0000000, 0x00000000c9c30000)
  from space 19968K,  33% used [0x00000000c9c30000, 0x00000000ca2ae5f0, 0x00000000cafb0000)
  to   space 19968K,   0% used [0x00000000cafb0000, 0x00000000cafb0000, 0x00000000cc330000)
 tenured generation   total 399588K, used 397184K [0x00000000d5550000, 0x00000000edb89000, 0x0000000100000000)
   the space 399588K,  99% used [0x00000000d5550000, 0x00000000ed9302a8, 0x00000000ed930400, 0x00000000edb89000)
 Metaspace       used 61616K, capacity 65040K, committed 65232K, reserved 1105920K
  class space    used 8134K, capacity 9680K, committed 9760K, reserved 1048576K
}
Event: 4118.974 GC heap before
{Heap before GC invocations=2384 (full 4):
 def new generation   total 179904K, used 166585K [0x00000000c0000000, 0x00000000cc330000, 0x00000000d5550000)
  eden space 159936K, 100% used [0x00000000c0000000, 0x00000000c9c30000, 0x00000000c9c30000)
  from space 19968K,  33% used [0x00000000c9c30000, 0x00000000ca2ae5f0, 0x00000000cafb0000)
  to   space 19968K,   0% used [0x00000000cafb0000, 0x00000000cafb0000, 0x00000000cc330000)
 tenured generation   total 399588K, used 397184K [0x00000000d5550000, 0x00000000edb89000, 0x0000000100000000)
   the space 399588K,  99% used [0x00000000d5550000, 0x00000000ed9302a8, 0x00000000ed930400, 0x00000000edb89000)
 Metaspace       used 61616K, capacity 65040K, committed 65232K, reserved 1105920K
  class space    used 8134K, capacity 9680K, committed 9760K, reserved 1048576K
}
Event: 4118.985 GC heap after
{Heap after GC invocations=2385 (full 4):
 def new generation   total 179904K, used 6977K [0x00000000c0000000, 0x00000000cc330000, 0x00000000d5550000)
  eden space 159936K,   0% used [0x00000000c0000000, 0x00000000c0000000, 0x00000000c9c30000)
  from space 19968K,  34% used [0x00000000cafb0000, 0x00000000cb6807f8, 0x00000000cc330000)
  to   space 19968K,   0% used [0x00000000c9c30000, 0x00000000c9c30000, 0x00000000cafb0000)
 tenured generation   total 399588K, used 397453K [0x00000000d5550000, 0x00000000edb89000, 0x0000000100000000)
   the space 399588K,  99% used [0x00000000d5550000, 0x00000000ed973738, 0x00000000ed973800, 0x00000000edb89000)
 Metaspace       used 61616K, capacity 65040K, committed 65232K, reserved 1105920K
  class space    used 8134K, capacity 9680K, committed 9760K, reserved 1048576K
}
Event: 4120.182 GC heap before
{Heap before GC invocations=2385 (full 4):
 def new generation   total 179904K, used 166913K [0x00000000c0000000, 0x00000000cc330000, 0x00000000d5550000)
  eden space 159936K, 100% used [0x00000000c0000000, 0x00000000c9c30000, 0x00000000c9c30000)
  from space 19968K,  34% used [0x00000000cafb0000, 0x00000000cb6807f8, 0x00000000cc330000)
  to   space 19968K,   0% used [0x00000000c9c30000, 0x00000000c9c30000, 0x00000000cafb0000)
 tenured generation   total 399588K, used 397453K [0x00000000d5550000, 0x00000000edb89000, 0x0000000100000000)
   the space 399588K,  99% used [0x00000000d5550000, 0x00000000ed973738, 0x00000000ed973800, 0x00000000edb89000)
 Metaspace       used 61616K, capacity 65040K, committed 65232K, reserved 1105920K
  class space    used 8134K, capacity 9680K, committed 9760K, reserved 1048576K
}
Event: 4120.192 GC heap after
{Heap after GC invocations=2386 (full 4):
 def new generation   total 179904K, used 5949K [0x00000000c0000000, 0x00000000cc330000, 0x00000000d5550000)
  eden space 159936K,   0% used [0x00000000c0000000, 0x00000000c0000000, 0x00000000c9c30000)
  from space 19968K,  29% used [0x00000000c9c30000, 0x00000000ca1ff4c8, 0x00000000cafb0000)
  to   space 19968K,   0% used [0x00000000cafb0000, 0x00000000cafb0000, 0x00000000cc330000)
 tenured generation   total 399588K, used 398525K [0x00000000d5550000, 0x00000000edb89000, 0x0000000100000000)
   the space 399588K,  99% used [0x00000000d5550000, 0x00000000eda7f4a8, 0x00000000eda7f600, 0x00000000edb89000)
 Metaspace       used 61616K, capacity 65040K, committed 65232K, reserved 1105920K
  class space    used 8134K, capacity 9680K, committed 9760K, reserved 1048576K
}
Event: 4121.523 GC heap before
{Heap before GC invocations=2386 (full 4):
 def new generation   total 179904K, used 165885K [0x00000000c0000000, 0x00000000cc330000, 0x00000000d5550000)
  eden space 159936K, 100% used [0x00000000c0000000, 0x00000000c9c30000, 0x00000000c9c30000)
  from space 19968K,  29% used [0x00000000c9c30000, 0x00000000ca1ff4c8, 0x00000000cafb0000)
  to   space 19968K,   0% used [0x00000000cafb0000, 0x00000000cafb0000, 0x00000000cc330000)
 tenured generation   total 399588K, used 398525K [0x00000000d5550000, 0x00000000edb89000, 0x0000000100000000)
   the space 399588K,  99% used [0x00000000d5550000, 0x00000000eda7f4a8, 0x00000000eda7f600, 0x00000000edb89000)
 Metaspace       used 61616K, capacity 65040K, committed 65232K, reserved 1105920K
  class space    used 8134K, capacity 9680K, committed 9760K, reserved 1048576K
}
Event: 4121.533 GC heap after
{Heap after GC invocations=2387 (full 4):
 def new generation   total 179904K, used 5295K [0x00000000c0000000, 0x00000000cc330000, 0x00000000d5550000)
  eden space 159936K,   0% used [0x00000000c0000000, 0x00000000c0000000, 0x00000000c9c30000)
  from space 19968K,  26% used [0x00000000cafb0000, 0x00000000cb4dbe30, 0x00000000cc330000)
  to   space 19968K,   0% used [0x00000000c9c30000, 0x00000000c9c30000, 0x00000000cafb0000)
 tenured generation   total 399588K, used 399397K [0x00000000d5550000, 0x00000000edb89000, 0x0000000100000000)
   the space 399588K,  99% used [0x00000000d5550000, 0x00000000edb594e0, 0x00000000edb59600, 0x00000000edb89000)
 Metaspace       used 61616K, capacity 65040K, committed 65232K, reserved 1105920K
  class space    used 8134K, capacity 9680K, committed 9760K, reserved 1048576K
}
Event: 4122.662 GC heap before
{Heap before GC invocations=2387 (full 4):
 def new generation   total 179904K, used 165231K [0x00000000c0000000, 0x00000000cc330000, 0x00000000d5550000)
  eden space 159936K, 100% used [0x00000000c0000000, 0x00000000c9c30000, 0x00000000c9c30000)
  from space 19968K,  26% used [0x00000000cafb0000, 0x00000000cb4dbe30, 0x00000000cc330000)
  to   space 19968K,   0% used [0x00000000c9c30000, 0x00000000c9c30000, 0x00000000cafb0000)
 tenured generation   total 399588K, used 399397K [0x00000000d5550000, 0x00000000edb89000, 0x0000000100000000)
   the space 399588K,  99% used [0x00000000d5550000, 0x00000000edb594e0, 0x00000000edb59600, 0x00000000edb89000)
 Metaspace       used 61617K, capacity 65040K, committed 65232K, reserved 1105920K
  class space    used 8134K, capacity 9680K, committed 9760K, reserved 1048576K
}

